# JRE version: Java(TM) SE Runtime Environment (8.0_221-b11) (build 1.8.0_221-b11)
# Java VM: Java HotSpot(TM) 64-Bit Server VM (25.221-b11 mixed mode bsd-amd64 compressed oops)
Heap:
 PSYoungGen      total 174080K, used 15565K [0x00000007aab00000, 0x00000007bee80000, 0x00000007c0000000)
  eden space 173056K, 8% used [0x00000007aab00000,0x00000007ab9c9a30,0x00000007b5400000)
  from space 1024K, 41% used [0x00000007bec80000,0x00000007bece9cf0,0x00000007bed80000)
  to   space 1024K, 0% used [0x00000007bed80000,0x00000007bed80000,0x00000007bee80000)
 ParOldGen       total 38400K, used 33395K [0x0000000780000000, 0x0000000782580000, 0x00000007aab00000)
  object space 38400K, 86% used [0x0000000780000000,0x000000078209cc30,0x0000000782580000)
 Metaspace       used 46518K, capacity 48578K, committed 48892K, reserved 1091584K
  class space    used 6142K, capacity 6557K, committed 6652K, reserved 1048576K
GC Heap History (10 events):
Event: 227.955 GC heap before
{Heap before GC invocations=229 (full 2):
 PSYoungGen      total 217600K, used 217417K [0x00000007aab00000, 0x00000007bef00000, 0x00000007c0000000)
  eden space 217088K, 100% used [0x00000007aab00000,0x00000007b7f00000,0x00000007b7f00000)
  from space 512K, 64% used [0x00000007bee80000,0x00000007beed26d8,0x00000007bef00000)
  to   space 512K, 0% used [0x00000007bee00000,0x00000007bee00000,0x00000007bee80000)
 ParOldGen       total 38400K, used 31166K [0x0000000780000000, 0x0000000782580000, 0x00000007aab00000)
  object space 38400K, 81% used [0x0000000780000000,0x0000000781e6f820,0x0000000782580000)
 Metaspace       used 46424K, capacity 48456K, committed 48508K, reserved 1091584K
  class space    used 6126K, capacity 6518K, committed 6524K, reserved 1048576K
Event: 227.965 GC heap after
Heap after GC invocations=229 (full 2):
 PSYoungGen      total 207872K, used 480K [0x00000007aab00000, 0x00000007bef00000, 0x00000007c0000000)
  eden space 207360K, 0% used [0x00000007aab00000,0x00000007aab00000,0x00000007b7580000)
  from space 512K, 93% used [0x00000007bee00000,0x00000007bee780c8,0x00000007bee80000)
  to   space 512K, 0% used [0x00000007bee80000,0x00000007bee80000,0x00000007bef00000)
 ParOldGen       total 38400K, used 32703K [0x0000000780000000, 0x0000000782580000, 0x00000007aab00000)
  object space 38400K, 85% used [0x0000000780000000,0x0000000781fefcf8,0x0000000782580000)
 Metaspace       used 46424K, capacity 48456K, committed 48508K, reserved 1091584K
  class space    used 6126K, capacity 6518K, committed 6524K, reserved 1048576K
}
Event: 229.131 GC heap before
{Heap before GC invocations=230 (full 2):
 PSYoungGen      total 207872K, used 207840K [0x00000007aab00000, 0x00000007bef00000, 0x00000007c0000000)
  eden space 207360K, 100% used [0x00000007aab00000,0x00000007b7580000,0x00000007b7580000)
  from space 512K, 93% used [0x00000007bee00000,0x00000007bee780c8,0x00000007bee80000)
  to   space 512K, 0% used [0x00000007bee80000,0x00000007bee80000,0x00000007bef00000)
 ParOldGen       total 38400K, used 32703K [0x0000000780000000, 0x0000000782580000, 0x00000007aab00000)
  object space 38400K, 85% used [0x0000000780000000,0x0000000781fefcf8,0x0000000782580000)
 Metaspace       used 46457K, capacity 48456K, committed 48508K, reserved 1091584K
  class space    used 6129K, capacity 6518K, committed 6524K, reserved 1048576K
Event: 229.143 GC heap after
Heap after GC invocations=230 (full 2):
 PSYoungGen      total 198656K, used 387K [0x00000007aab00000, 0x00000007bef00000, 0x00000007c0000000)
  eden space 198144K, 0% used [0x00000007aab00000,0x00000007aab00000,0x00000007b6c80000)
  from space 512K, 75% used [0x00000007bee80000,0x00000007beee0e40,0x00000007bef00000)
  to   space 1536K, 0% used [0x00000007bec00000,0x00000007bec00000,0x00000007bed80000)
 ParOldGen       total 38400K, used 33199K [0x0000000780000000, 0x0000000782580000, 0x00000007aab00000)
  object space 38400K, 86% used [0x0000000780000000,0x000000078206be00,0x0000000782580000)
 Metaspace       used 46457K, capacity 48456K, committed 48508K, reserved 1091584K
  class space    used 6129K, capacity 6518K, committed 6524K, reserved 1048576K
}
Event: 230.151 GC heap before
{Heap before GC invocations=231 (full 2):
 PSYoungGen      total 198656K, used 198531K [0x00000007aab00000, 0x00000007bef00000, 0x00000007c0000000)
  eden space 198144K, 100% used [0x00000007aab00000,0x00000007b6c80000,0x00000007b6c80000)
  from space 512K, 75% used [0x00000007bee80000,0x00000007beee0e40,0x00000007bef00000)
  to   space 1536K, 0% used [0x00000007bec00000,0x00000007bec00000,0x00000007bed80000)
 ParOldGen       total 38400K, used 33199K [0x0000000780000000, 0x0000000782580000, 0x00000007aab00000)
  object space 38400K, 86% used [0x0000000780000000,0x000000078206be00,0x0000000782580000)
 Metaspace       used 46463K, capacity 48456K, committed 48508K, reserved 1091584K
  class space    used 6131K, capacity 6518K, committed 6524K, reserved 1048576K
Event: 230.154 GC heap after
Heap after GC invocations=231 (full 2):
 PSYoungGen      total 190976K, used 292K [0x00000007aab00000, 0x00000007bef00000, 0x00000007c0000000)
  eden space 189440K, 0% used [0x00000007aab00000,0x00000007aab00000,0x00000007b6400000)
  from space 1536K, 19% used [0x00000007bec00000,0x00000007bec490c0,0x00000007bed80000)
  to   space 1024K, 0% used [0x00000007bee00000,0x00000007bee00000,0x00000007bef00000)
 ParOldGen       total 38400K, used 33355K [0x0000000780000000, 0x0000000782580000, 0x00000007aab00000)
  object space 38400K, 86% used [0x0000000780000000,0x0000000782092c30,0x0000000782580000)
 Metaspace       used 46463K, capacity 48456K, committed 48508K, reserved 1091584K
  class space    used 6131K, capacity 6518K, committed 6524K, reserved 1048576K
}
Event: 230.811 GC heap before
{Heap before GC invocations=232 (full 2):
 PSYoungGen      total 190976K, used 189732K [0x00000007aab00000, 0x00000007bef00000, 0x00000007c0000000)
  eden space 189440K, 100% used [0x00000007aab00000,0x00000007b6400000,0x00000007b6400000)
  from space 1536K, 19% used [0x00000007bec00000,0x00000007bec490c0,0x00000007bed80000)
  to   space 1024K, 0% used [0x00000007bee00000,0x00000007bee00000,0x00000007bef00000)
 ParOldGen       total 38400K, used 33355K [0x0000000780000000, 0x0000000782580000, 0x00000007aab00000)
  object space 38400K, 86% used [0x0000000780000000,0x0000000782092c30,0x0000000782580000)
 Metaspace       used 46481K, capacity 48456K, committed 48508K, reserved 1091584K
  class space    used 6135K, capacity 6518K, committed 6524K, reserved 1048576K
Event: 230.814 GC heap after
Heap after GC invocations=232 (full 2):
 PSYoungGen      total 181760K, used 422K [0x00000007aab00000, 0x00000007bee80000, 0x00000007c0000000)
  eden space 181248K, 0% used [0x00000007aab00000,0x00000007aab00000,0x00000007b5c00000)
  from space 512K, 82% used [0x00000007bee00000,0x00000007bee69b90,0x00000007bee80000)
  to   space 1024K, 0% used [0x00000007bec80000,0x00000007bec80000,0x00000007bed80000)
 ParOldGen       total 38400K, used 33371K [0x0000000780000000, 0x0000000782580000, 0x00000007aab00000)
  object space 38400K, 86% used [0x0000000780000000,0x0000000782096c30,0x0000000782580000)
 Metaspace       used 46481K, capacity 48456K, committed 48508K, reserved 1091584K
  class space    used 6135K, capacity 6518K, committed 6524K, reserved 1048576K
}
Event: 231.491 GC heap before
{Heap before GC invocations=233 (full 2):
 PSYoungGen      total 181760K, used 181670K [0x00000007aab00000, 0x00000007bee80000, 0x00000007c0000000)
  eden space 181248K, 100% used [0x00000007aab00000,0x00000007b5c00000,0x00000007b5c00000)
  from space 512K, 82% used [0x00000007bee00000,0x00000007bee69b90,0x00000007bee80000)
  to   space 1024K, 0% used [0x00000007bec80000,0x00000007bec80000,0x00000007bed80000)
 ParOldGen       total 38400K, used 33371K [0x0000000780000000, 0x0000000782580000, 0x00000007aab00000)
  object space 38400K, 86% used [0x0000000780000000,0x0000000782096c30,0x0000000782580000)
 Metaspace       used 46501K, capacity 48552K, committed 48892K, reserved 1091584K
  class space    used 6137K, capacity 6550K, committed 6652K, reserved 1048576K
Event: 231.494 GC heap after
Heap after GC invocations=233 (full 2):
 PSYoungGen      total 174080K, used 423K [0x00000007aab00000, 0x00000007bee80000, 0x00000007c0000000)
  eden space 173056K, 0% used [0x00000007aab00000,0x00000007aab00000,0x00000007b5400000)
  from space 1024K, 41% used [0x00000007bec80000,0x00000007bece9cf0,0x00000007bed80000)
  to   space 1024K, 0% used [0x00000007bed80000,0x00000007bed80000,0x00000007bee80000)
 ParOldGen       total 38400K, used 33395K [0x0000000780000000, 0x0000000782580000, 0x00000007aab00000)
  object space 38400K, 86% used [0x0000000780000000,0x000000078209cc30,0x0000000782580000)
 Metaspace       used 46501K, capacity 48552K, committed 48892K, reserved 1091584K
  class space    used 6137K, capacity 6550K, committed 6652K, reserved 1048576K
}

